
2023-12-13 16:39:13,057 - __main__ - INFO - Downloading data and preparing file...
2023-12-13 16:39:14,042 - __main__ - INFO - Downloading Completed
2023-12-13 16:39:14,302 - __main__ - INFO - Downloading Completed
2023-12-13 16:39:14,410 - __main__ - INFO - Recap CSV file already exists
2023-12-13 16:39:14,410 - __main__ - INFO - Merging name on street...
2023-12-13 16:41:07,030 - __main__ - INFO - Joining geometries...
2023-12-13 16:41:09,206 - __main__ - INFO - Writing file...
2023-12-14 09:51:23,434 - __main__ - INFO - Downloading data and preparing file...
2023-12-14 09:51:26,100 - __main__ - INFO - Downloading Completed
2023-12-14 09:51:27,079 - __main__ - INFO - Downloading Completed
2023-12-14 09:51:27,208 - __main__ - INFO - Recap CSV file already exists
2023-12-14 09:51:27,208 - __main__ - INFO - Merging name on street...
2023-12-14 09:53:39,977 - __main__ - INFO - Joining geometries...
2023-12-14 09:53:42,461 - __main__ - INFO - Writing file...
2023-12-15 09:51:09,972 - __main__ - INFO - Downloading data and preparing file...
2023-12-15 09:51:13,044 - __main__ - INFO - Downloading Completed
2023-12-15 09:51:14,003 - __main__ - INFO - Downloading Completed
2023-12-15 09:51:14,100 - __main__ - INFO - Recap CSV file already exists
2023-12-15 09:51:14,100 - __main__ - INFO - Merging name on street...
2023-12-15 09:52:44,842 - __main__ - INFO - Joining geometries...
2023-12-15 09:52:46,469 - __main__ - INFO - Writing file...
2023-12-16 09:51:04,475 - __main__ - INFO - Downloading data and preparing file...
2023-12-16 09:51:06,741 - __main__ - INFO - Downloading Completed
2023-12-16 09:51:07,624 - __main__ - INFO - Downloading Completed
2023-12-16 09:51:07,721 - __main__ - INFO - Recap CSV file already exists
2023-12-16 09:51:07,721 - __main__ - INFO - Merging name on street...
2023-12-16 09:52:37,846 - __main__ - INFO - Joining geometries...
2023-12-16 09:52:39,422 - __main__ - INFO - Writing file...
